<?xml version="1.0" encoding="UTF-8"?>
<testsuite name="Scenario: can login with succesfully generated account" tests="5" skipped="0" failures="0" errors="0" timestamp="2017-03-29T10:31:02" hostname="1BQQFZW.kumpula.dhcp.hupnet.helsinki.fi" time="0.002">
  <properties/>
  <testcase name="Given user &quot;eero&quot; with password &quot;salainen1&quot; is created" classname="Scenario: can login with succesfully generated account" time="0.0"/>
  <testcase name="And command login is selected" classname="Scenario: can login with succesfully generated account" time="0.0"/>
  <testcase name="When username &quot;eero&quot; and password &quot;salainen1&quot; are entered" classname="Scenario: can login with succesfully generated account" time="0.0"/>
  <testcase name="Then system will respond with &quot;logged in&quot;" classname="Scenario: can login with succesfully generated account" time="0.001"/>
  <testcase name="classMethod" classname="Scenario: can login with succesfully generated account" time="0.005"/>
  <system-out><![CDATA[
  Scenario: creation fails with already taken username and valid pasword ?[90m# ohtu/new_user.feature:26?[0m
    ?[32mGiven ?[0m?[32mcommand new is selected?[0m                                        ?[90m# Stepdefs.command_new_is_selected()?[0m
    ?[32mGiven ?[0m?[32muser "?[0m?[32m?[1mpekka?[0m?[32m" with password "?[0m?[32m?[1msalainen1?[0m?[32m" is created?[0m              ?[90m# Stepdefs.user_with_password_is_created(String,String)?[0m
    ?[32mAnd ?[0m?[32mcommand new is selected?[0m                                          ?[90m# Stepdefs.command_new_is_selected()?[0m
    ?[32mAnd ?[0m?[32musername "?[0m?[32m?[1mpekka?[0m?[32m" and password "?[0m?[32m?[1msalainen1?[0m?[32m" are entered?[0m            ?[90m# Stepdefs.a_username_and_password_are_entered(String,String)?[0m
    ?[32mThen ?[0m?[32msystem will respond with "?[0m?[32m?[1mnew user not registered?[0m?[32m"?[0m              ?[90m# Stepdefs.system_will_respond_with(String)?[0m
]]></system-out>
  <system-err><![CDATA[]]></system-err>
</testsuite>
