<?xml version="1.0" encoding="UTF-8"?>
<testsuite name="Scenario: user can register with proper unuserd username and password" tests="4" skipped="0" failures="0" errors="0" timestamp="2017-03-29T10:57:55" hostname="1BQQFZW.kumpula.dhcp.hupnet.helsinki.fi" time="0.002">
  <properties/>
  <testcase name="Given command new is selected" classname="Scenario: user can register with proper unuserd username and password" time="0.0"/>
  <testcase name="When username &quot;uusi&quot; and password &quot;salasana1!&quot; are entered" classname="Scenario: user can register with proper unuserd username and password" time="0.0"/>
  <testcase name="Then system will respond with &quot;new user registered&quot;" classname="Scenario: user can register with proper unuserd username and password" time="0.001"/>
  <testcase name="classMethod" classname="Scenario: user can register with proper unuserd username and password" time="0.003"/>
  <system-out><![CDATA[]]></system-out>
  <system-err><![CDATA[]]></system-err>
</testsuite>
